Build started 2014-10-08 15:16:52.
     1>Project "C:\Projekt\SelfOrganizingMaps\SelfOrganizingMaps\SelfOrganizingMaps.vcxproj" on node 2 (Build target(s)).
     1>ClCompile:
         C:\Program Files (x86)\Microsoft Visual Studio 12.0\VC\bin\CL.exe /c /I"..\..\SFML-2.1\include" /Zi /nologo /W3 /WX- /O2 /Oi /Oy- /GL /D WIN32 /D NDEBUG /D _CONSOLE /D _LIB /D _UNICODE /D UNICODE /Gm- /EHsc /MD /GS /Gy /fp:precise /Zc:wchar_t /Zc:forScope /Fo"Release\\" /Fd"Release\vc120.pdb" /Gd /TP /analyze- /errorReport:prompt SOM.cpp
         SOM.cpp
     1>c:\projekt\selforganizingmaps\selforganizingmaps\Node.h(27): warning C4018: '<' : signed/unsigned mismatch
     1>c:\projekt\selforganizingmaps\selforganizingmaps\Node.h(43): warning C4018: '<' : signed/unsigned mismatch
     1>SOM.cpp(18): warning C4244: '=' : conversion from 'int' to 'float', possible loss of data
     1>SOM.cpp(40): warning C4244: 'argument' : conversion from 'double' to 'float', possible loss of data
     1>SOM.cpp(42): warning C4018: '<' : signed/unsigned mismatch
     1>SOM.cpp(44): warning C4244: 'argument' : conversion from 'double' to 'sf::Uint8', possible loss of data
     1>SOM.cpp(49): warning C4244: 'argument' : conversion from 'double' to 'float', possible loss of data
     1>SOM.cpp(60): warning C4018: '<' : signed/unsigned mismatch
     1>SOM.cpp(78): warning C4018: '<' : signed/unsigned mismatch
       Link:
         C:\Program Files (x86)\Microsoft Visual Studio 12.0\VC\bin\link.exe /ERRORREPORT:PROMPT /OUT:"C:\Projekt\SelfOrganizingMaps\SelfOrganizingMaps\Release\SelfOrganizingMaps.exe" /INCREMENTAL:NO /NOLOGO /LIBPATH:"..\..\SFML-2.1\lib" "sfml-graphics.lib" "sfml-window.lib" "sfml-system.lib" kernel32.lib user32.lib gdi32.lib winspool.lib comdlg32.lib advapi32.lib shell32.lib ole32.lib oleaut32.lib uuid.lib odbc32.lib odbccp32.lib /MANIFEST /MANIFESTUAC:"level='asInvoker' uiAccess='false'" /manifest:embed /DEBUG /PDB:"C:\Projekt\SelfOrganizingMaps\SelfOrganizingMaps\Release\SelfOrganizingMaps.pdb" /SUBSYSTEM:CONSOLE /OPT:REF /OPT:ICF /LTCG /TLBID:1 /DYNAMICBASE /NXCOMPAT /IMPLIB:"C:\Projekt\SelfOrganizingMaps\SelfOrganizingMaps\Release\SelfOrganizingMaps.lib" /MACHINE:X86 /SAFESEH Release\Main.obj
         Release\SOM.obj
         Generating code
         Finished generating code
         SelfOrganizingMaps.vcxproj -> C:\Projekt\SelfOrganizingMaps\SelfOrganizingMaps\Release\SelfOrganizingMaps.exe
     1>Done Building Project "C:\Projekt\SelfOrganizingMaps\SelfOrganizingMaps\SelfOrganizingMaps.vcxproj" (Build target(s)).

Build succeeded.

Time Elapsed 00:00:01.37
